24-Jun-2025 05:59:31.408 INFO [main] org.apache.catalina.startup.VersionLoggerListener.log Server version name:   Apache Tomcat/11.0.8
24-Jun-2025 05:59:31.414 INFO [main] org.apache.catalina.startup.VersionLoggerListener.log Server built:          Jun 5 2025 17:49:55 UTC
24-Jun-2025 05:59:31.414 INFO [main] org.apache.catalina.startup.VersionLoggerListener.log Server version number: 11.0.8.0
24-Jun-2025 05:59:31.414 INFO [main] org.apache.catalina.startup.VersionLoggerListener.log OS Name:               Linux
24-Jun-2025 05:59:31.414 INFO [main] org.apache.catalina.startup.VersionLoggerListener.log OS Version:            6.1.140-154.222.amzn2023.x86_64
24-Jun-2025 05:59:31.414 INFO [main] org.apache.catalina.startup.VersionLoggerListener.log Architecture:          amd64
24-Jun-2025 05:59:31.414 INFO [main] org.apache.catalina.startup.VersionLoggerListener.log Java Home:             /usr/lib/jvm/java-17-amazon-corretto.x86_64
24-Jun-2025 05:59:31.414 INFO [main] org.apache.catalina.startup.VersionLoggerListener.log JVM Version:           17.0.15+6-LTS
24-Jun-2025 05:59:31.414 INFO [main] org.apache.catalina.startup.VersionLoggerListener.log JVM Vendor:            Amazon.com Inc.
24-Jun-2025 05:59:31.414 INFO [main] org.apache.catalina.startup.VersionLoggerListener.log CATALINA_BASE:         /opt/tomcat11
24-Jun-2025 05:59:31.414 INFO [main] org.apache.catalina.startup.VersionLoggerListener.log CATALINA_HOME:         /opt/tomcat11
24-Jun-2025 05:59:31.458 INFO [main] org.apache.catalina.startup.VersionLoggerListener.log Command line argument: -Djava.util.logging.config.file=/opt/tomcat11/conf/logging.properties
24-Jun-2025 05:59:31.458 INFO [main] org.apache.catalina.startup.VersionLoggerListener.log Command line argument: -Djava.util.logging.manager=org.apache.juli.ClassLoaderLogManager
24-Jun-2025 05:59:31.458 INFO [main] org.apache.catalina.startup.VersionLoggerListener.log Command line argument: -Djdk.tls.ephemeralDHKeySize=2048
24-Jun-2025 05:59:31.458 INFO [main] org.apache.catalina.startup.VersionLoggerListener.log Command line argument: -Dorg.apache.catalina.security.SecurityListener.UMASK=0027
24-Jun-2025 05:59:31.458 INFO [main] org.apache.catalina.startup.VersionLoggerListener.log Command line argument: --add-opens=java.base/java.lang=ALL-UNNAMED
24-Jun-2025 05:59:31.459 INFO [main] org.apache.catalina.startup.VersionLoggerListener.log Command line argument: --add-opens=java.base/java.lang.reflect=ALL-UNNAMED
24-Jun-2025 05:59:31.459 INFO [main] org.apache.catalina.startup.VersionLoggerListener.log Command line argument: --add-opens=java.base/java.io=ALL-UNNAMED
24-Jun-2025 05:59:31.459 INFO [main] org.apache.catalina.startup.VersionLoggerListener.log Command line argument: --add-opens=java.base/java.util=ALL-UNNAMED
24-Jun-2025 05:59:31.459 INFO [main] org.apache.catalina.startup.VersionLoggerListener.log Command line argument: --add-opens=java.base/java.util.concurrent=ALL-UNNAMED
24-Jun-2025 05:59:31.459 INFO [main] org.apache.catalina.startup.VersionLoggerListener.log Command line argument: --add-opens=java.rmi/sun.rmi.transport=ALL-UNNAMED
24-Jun-2025 05:59:31.459 INFO [main] org.apache.catalina.startup.VersionLoggerListener.log Command line argument: --enable-native-access=ALL-UNNAMED
24-Jun-2025 05:59:31.459 INFO [main] org.apache.catalina.startup.VersionLoggerListener.log Command line argument: -Dcatalina.base=/opt/tomcat11
24-Jun-2025 05:59:31.459 INFO [main] org.apache.catalina.startup.VersionLoggerListener.log Command line argument: -Dcatalina.home=/opt/tomcat11
24-Jun-2025 05:59:31.459 INFO [main] org.apache.catalina.startup.VersionLoggerListener.log Command line argument: -Djava.io.tmpdir=/opt/tomcat11/temp
24-Jun-2025 05:59:31.460 INFO [main] org.apache.catalina.core.AprLifecycleListener.lifecycleEvent The Apache Tomcat Native library which allows using OpenSSL was not found on the java.library.path: [/usr/java/packages/lib:/usr/lib64:/lib64:/lib:/usr/lib]
24-Jun-2025 05:59:32.086 INFO [main] org.apache.coyote.AbstractProtocol.init Initializing ProtocolHandler ["http-nio-9090"]
24-Jun-2025 05:59:32.149 INFO [main] org.apache.catalina.startup.Catalina.load Server initialization in [1151] milliseconds
24-Jun-2025 05:59:32.249 INFO [main] org.apache.catalina.core.StandardService.startInternal Starting service [Catalina]
24-Jun-2025 05:59:32.258 INFO [main] org.apache.catalina.core.StandardEngine.startInternal Starting Servlet engine: [Apache Tomcat/11.0.8]
24-Jun-2025 05:59:32.270 INFO [main] org.apache.catalina.startup.HostConfig.deployDirectory Deploying web application directory [/opt/tomcat11/webapps/ROOT]
24-Jun-2025 05:59:32.898 INFO [main] org.apache.catalina.startup.HostConfig.deployDirectory Deployment of web application directory [/opt/tomcat11/webapps/ROOT] has finished in [624] ms
24-Jun-2025 05:59:32.899 INFO [main] org.apache.catalina.startup.HostConfig.deployDirectory Deploying web application directory [/opt/tomcat11/webapps/docs]
24-Jun-2025 05:59:32.952 INFO [main] org.apache.catalina.startup.HostConfig.deployDirectory Deployment of web application directory [/opt/tomcat11/webapps/docs] has finished in [53] ms
24-Jun-2025 05:59:32.960 INFO [main] org.apache.catalina.startup.HostConfig.deployDirectory Deploying web application directory [/opt/tomcat11/webapps/examples]
24-Jun-2025 05:59:33.418 INFO [main] org.apache.catalina.startup.HostConfig.deployDirectory Deployment of web application directory [/opt/tomcat11/webapps/examples] has finished in [458] ms
24-Jun-2025 05:59:33.420 INFO [main] org.apache.catalina.startup.HostConfig.deployDirectory Deploying web application directory [/opt/tomcat11/webapps/host-manager]
24-Jun-2025 05:59:33.467 INFO [main] org.apache.catalina.startup.HostConfig.deployDirectory Deployment of web application directory [/opt/tomcat11/webapps/host-manager] has finished in [47] ms
24-Jun-2025 05:59:33.467 INFO [main] org.apache.catalina.startup.HostConfig.deployDirectory Deploying web application directory [/opt/tomcat11/webapps/manager]
24-Jun-2025 05:59:33.496 INFO [main] org.apache.catalina.startup.HostConfig.deployDirectory Deployment of web application directory [/opt/tomcat11/webapps/manager] has finished in [29] ms
24-Jun-2025 05:59:33.520 INFO [main] org.apache.coyote.AbstractProtocol.start Starting ProtocolHandler ["http-nio-9090"]
24-Jun-2025 05:59:33.542 INFO [main] org.apache.catalina.startup.Catalina.start Server startup in [1392] milliseconds
24-Jun-2025 10:55:11.829 INFO [main] org.apache.catalina.core.StandardServer.await A valid shutdown command was received via the shutdown port. Stopping the Server instance.
24-Jun-2025 10:55:11.833 INFO [main] org.apache.coyote.AbstractProtocol.pause Pausing ProtocolHandler ["http-nio-9090"]
24-Jun-2025 10:55:11.840 INFO [main] org.apache.catalina.core.StandardService.stopInternal Stopping service [Catalina]
24-Jun-2025 10:55:11.903 INFO [main] org.apache.coyote.AbstractProtocol.stop Stopping ProtocolHandler ["http-nio-9090"]
24-Jun-2025 10:55:11.917 INFO [main] org.apache.coyote.AbstractProtocol.destroy Destroying ProtocolHandler ["http-nio-9090"]
24-Jun-2025 10:55:20.067 INFO [main] org.apache.catalina.startup.VersionLoggerListener.log Server version name:   Apache Tomcat/11.0.8
24-Jun-2025 10:55:20.071 INFO [main] org.apache.catalina.startup.VersionLoggerListener.log Server built:          Jun 5 2025 17:49:55 UTC
24-Jun-2025 10:55:20.071 INFO [main] org.apache.catalina.startup.VersionLoggerListener.log Server version number: 11.0.8.0
24-Jun-2025 10:55:20.071 INFO [main] org.apache.catalina.startup.VersionLoggerListener.log OS Name:               Linux
24-Jun-2025 10:55:20.072 INFO [main] org.apache.catalina.startup.VersionLoggerListener.log OS Version:            6.1.140-154.222.amzn2023.x86_64
24-Jun-2025 10:55:20.072 INFO [main] org.apache.catalina.startup.VersionLoggerListener.log Architecture:          amd64
24-Jun-2025 10:55:20.072 INFO [main] org.apache.catalina.startup.VersionLoggerListener.log Java Home:             /usr/lib/jvm/java-17-amazon-corretto.x86_64
24-Jun-2025 10:55:20.072 INFO [main] org.apache.catalina.startup.VersionLoggerListener.log JVM Version:           17.0.15+6-LTS
24-Jun-2025 10:55:20.073 INFO [main] org.apache.catalina.startup.VersionLoggerListener.log JVM Vendor:            Amazon.com Inc.
24-Jun-2025 10:55:20.073 INFO [main] org.apache.catalina.startup.VersionLoggerListener.log CATALINA_BASE:         /opt/tomcat11
24-Jun-2025 10:55:20.073 INFO [main] org.apache.catalina.startup.VersionLoggerListener.log CATALINA_HOME:         /opt/tomcat11
24-Jun-2025 10:55:20.096 INFO [main] org.apache.catalina.startup.VersionLoggerListener.log Command line argument: -Djava.util.logging.config.file=/opt/tomcat11/conf/logging.properties
24-Jun-2025 10:55:20.097 INFO [main] org.apache.catalina.startup.VersionLoggerListener.log Command line argument: -Djava.util.logging.manager=org.apache.juli.ClassLoaderLogManager
24-Jun-2025 10:55:20.098 INFO [main] org.apache.catalina.startup.VersionLoggerListener.log Command line argument: -Djdk.tls.ephemeralDHKeySize=2048
24-Jun-2025 10:55:20.098 INFO [main] org.apache.catalina.startup.VersionLoggerListener.log Command line argument: -Dorg.apache.catalina.security.SecurityListener.UMASK=0027
24-Jun-2025 10:55:20.098 INFO [main] org.apache.catalina.startup.VersionLoggerListener.log Command line argument: --add-opens=java.base/java.lang=ALL-UNNAMED
24-Jun-2025 10:55:20.098 INFO [main] org.apache.catalina.startup.VersionLoggerListener.log Command line argument: --add-opens=java.base/java.lang.reflect=ALL-UNNAMED
24-Jun-2025 10:55:20.098 INFO [main] org.apache.catalina.startup.VersionLoggerListener.log Command line argument: --add-opens=java.base/java.io=ALL-UNNAMED
24-Jun-2025 10:55:20.098 INFO [main] org.apache.catalina.startup.VersionLoggerListener.log Command line argument: --add-opens=java.base/java.util=ALL-UNNAMED
24-Jun-2025 10:55:20.099 INFO [main] org.apache.catalina.startup.VersionLoggerListener.log Command line argument: --add-opens=java.base/java.util.concurrent=ALL-UNNAMED
24-Jun-2025 10:55:20.099 INFO [main] org.apache.catalina.startup.VersionLoggerListener.log Command line argument: --add-opens=java.rmi/sun.rmi.transport=ALL-UNNAMED
24-Jun-2025 10:55:20.099 INFO [main] org.apache.catalina.startup.VersionLoggerListener.log Command line argument: --enable-native-access=ALL-UNNAMED
24-Jun-2025 10:55:20.099 INFO [main] org.apache.catalina.startup.VersionLoggerListener.log Command line argument: -Dcatalina.base=/opt/tomcat11
24-Jun-2025 10:55:20.100 INFO [main] org.apache.catalina.startup.VersionLoggerListener.log Command line argument: -Dcatalina.home=/opt/tomcat11
24-Jun-2025 10:55:20.100 INFO [main] org.apache.catalina.startup.VersionLoggerListener.log Command line argument: -Djava.io.tmpdir=/opt/tomcat11/temp
24-Jun-2025 10:55:20.110 INFO [main] org.apache.catalina.core.AprLifecycleListener.lifecycleEvent The Apache Tomcat Native library which allows using OpenSSL was not found on the java.library.path: [/usr/java/packages/lib:/usr/lib64:/lib64:/lib:/usr/lib]
24-Jun-2025 10:55:20.605 INFO [main] org.apache.coyote.AbstractProtocol.init Initializing ProtocolHandler ["http-nio-9090"]
24-Jun-2025 10:55:20.654 INFO [main] org.apache.catalina.startup.Catalina.load Server initialization in [926] milliseconds
24-Jun-2025 10:55:20.746 INFO [main] org.apache.catalina.core.StandardService.startInternal Starting service [Catalina]
24-Jun-2025 10:55:20.747 INFO [main] org.apache.catalina.core.StandardEngine.startInternal Starting Servlet engine: [Apache Tomcat/11.0.8]
24-Jun-2025 10:55:20.754 INFO [main] org.apache.catalina.startup.HostConfig.deployDirectory Deploying web application directory [/opt/tomcat11/webapps/ROOT]
24-Jun-2025 10:55:21.313 INFO [main] org.apache.catalina.startup.HostConfig.deployDirectory Deployment of web application directory [/opt/tomcat11/webapps/ROOT] has finished in [559] ms
24-Jun-2025 10:55:21.314 INFO [main] org.apache.catalina.startup.HostConfig.deployDirectory Deploying web application directory [/opt/tomcat11/webapps/docs]
24-Jun-2025 10:55:21.364 INFO [main] org.apache.catalina.startup.HostConfig.deployDirectory Deployment of web application directory [/opt/tomcat11/webapps/docs] has finished in [50] ms
24-Jun-2025 10:55:21.365 INFO [main] org.apache.catalina.startup.HostConfig.deployDirectory Deploying web application directory [/opt/tomcat11/webapps/examples]
24-Jun-2025 10:55:21.771 INFO [main] org.apache.catalina.startup.HostConfig.deployDirectory Deployment of web application directory [/opt/tomcat11/webapps/examples] has finished in [406] ms
24-Jun-2025 10:55:21.778 INFO [main] org.apache.catalina.startup.HostConfig.deployDirectory Deploying web application directory [/opt/tomcat11/webapps/host-manager]
24-Jun-2025 10:55:21.818 INFO [main] org.apache.catalina.startup.HostConfig.deployDirectory Deployment of web application directory [/opt/tomcat11/webapps/host-manager] has finished in [40] ms
24-Jun-2025 10:55:21.819 INFO [main] org.apache.catalina.startup.HostConfig.deployDirectory Deploying web application directory [/opt/tomcat11/webapps/manager]
24-Jun-2025 10:55:21.856 INFO [main] org.apache.catalina.startup.HostConfig.deployDirectory Deployment of web application directory [/opt/tomcat11/webapps/manager] has finished in [37] ms
24-Jun-2025 10:55:21.865 INFO [main] org.apache.coyote.AbstractProtocol.start Starting ProtocolHandler ["http-nio-9090"]
24-Jun-2025 10:55:21.899 INFO [main] org.apache.catalina.startup.Catalina.start Server startup in [1236] milliseconds
24-Jun-2025 11:08:30.617 INFO [main] org.apache.catalina.core.StandardServer.await A valid shutdown command was received via the shutdown port. Stopping the Server instance.
24-Jun-2025 11:08:30.618 INFO [main] org.apache.coyote.AbstractProtocol.pause Pausing ProtocolHandler ["http-nio-9090"]
24-Jun-2025 11:08:30.623 INFO [main] org.apache.catalina.core.StandardService.stopInternal Stopping service [Catalina]
24-Jun-2025 11:08:30.671 INFO [main] org.apache.coyote.AbstractProtocol.stop Stopping ProtocolHandler ["http-nio-9090"]
24-Jun-2025 11:08:30.675 INFO [main] org.apache.coyote.AbstractProtocol.destroy Destroying ProtocolHandler ["http-nio-9090"]
24-Jun-2025 11:08:38.570 INFO [main] org.apache.catalina.startup.VersionLoggerListener.log Server version name:   Apache Tomcat/11.0.8
24-Jun-2025 11:08:38.591 INFO [main] org.apache.catalina.startup.VersionLoggerListener.log Server built:          Jun 5 2025 17:49:55 UTC
24-Jun-2025 11:08:38.591 INFO [main] org.apache.catalina.startup.VersionLoggerListener.log Server version number: 11.0.8.0
24-Jun-2025 11:08:38.591 INFO [main] org.apache.catalina.startup.VersionLoggerListener.log OS Name:               Linux
24-Jun-2025 11:08:38.598 INFO [main] org.apache.catalina.startup.VersionLoggerListener.log OS Version:            6.1.140-154.222.amzn2023.x86_64
24-Jun-2025 11:08:38.598 INFO [main] org.apache.catalina.startup.VersionLoggerListener.log Architecture:          amd64
24-Jun-2025 11:08:38.598 INFO [main] org.apache.catalina.startup.VersionLoggerListener.log Java Home:             /usr/lib/jvm/java-17-amazon-corretto.x86_64
24-Jun-2025 11:08:38.598 INFO [main] org.apache.catalina.startup.VersionLoggerListener.log JVM Version:           17.0.15+6-LTS
24-Jun-2025 11:08:38.598 INFO [main] org.apache.catalina.startup.VersionLoggerListener.log JVM Vendor:            Amazon.com Inc.
24-Jun-2025 11:08:38.599 INFO [main] org.apache.catalina.startup.VersionLoggerListener.log CATALINA_BASE:         /opt/tomcat11
24-Jun-2025 11:08:38.599 INFO [main] org.apache.catalina.startup.VersionLoggerListener.log CATALINA_HOME:         /opt/tomcat11
24-Jun-2025 11:08:38.601 INFO [main] org.apache.catalina.startup.VersionLoggerListener.log Command line argument: -Djava.util.logging.config.file=/opt/tomcat11/conf/logging.properties
24-Jun-2025 11:08:38.601 INFO [main] org.apache.catalina.startup.VersionLoggerListener.log Command line argument: -Djava.util.logging.manager=org.apache.juli.ClassLoaderLogManager
24-Jun-2025 11:08:38.601 INFO [main] org.apache.catalina.startup.VersionLoggerListener.log Command line argument: -Djdk.tls.ephemeralDHKeySize=2048
24-Jun-2025 11:08:38.601 INFO [main] org.apache.catalina.startup.VersionLoggerListener.log Command line argument: -Dorg.apache.catalina.security.SecurityListener.UMASK=0027
24-Jun-2025 11:08:38.601 INFO [main] org.apache.catalina.startup.VersionLoggerListener.log Command line argument: --add-opens=java.base/java.lang=ALL-UNNAMED
24-Jun-2025 11:08:38.601 INFO [main] org.apache.catalina.startup.VersionLoggerListener.log Command line argument: --add-opens=java.base/java.lang.reflect=ALL-UNNAMED
24-Jun-2025 11:08:38.601 INFO [main] org.apache.catalina.startup.VersionLoggerListener.log Command line argument: --add-opens=java.base/java.io=ALL-UNNAMED
24-Jun-2025 11:08:38.601 INFO [main] org.apache.catalina.startup.VersionLoggerListener.log Command line argument: --add-opens=java.base/java.util=ALL-UNNAMED
24-Jun-2025 11:08:38.601 INFO [main] org.apache.catalina.startup.VersionLoggerListener.log Command line argument: --add-opens=java.base/java.util.concurrent=ALL-UNNAMED
24-Jun-2025 11:08:38.602 INFO [main] org.apache.catalina.startup.VersionLoggerListener.log Command line argument: --add-opens=java.rmi/sun.rmi.transport=ALL-UNNAMED
24-Jun-2025 11:08:38.602 INFO [main] org.apache.catalina.startup.VersionLoggerListener.log Command line argument: --enable-native-access=ALL-UNNAMED
24-Jun-2025 11:08:38.602 INFO [main] org.apache.catalina.startup.VersionLoggerListener.log Command line argument: -Dcatalina.base=/opt/tomcat11
24-Jun-2025 11:08:38.602 INFO [main] org.apache.catalina.startup.VersionLoggerListener.log Command line argument: -Dcatalina.home=/opt/tomcat11
24-Jun-2025 11:08:38.602 INFO [main] org.apache.catalina.startup.VersionLoggerListener.log Command line argument: -Djava.io.tmpdir=/opt/tomcat11/temp
24-Jun-2025 11:08:38.603 INFO [main] org.apache.catalina.core.AprLifecycleListener.lifecycleEvent The Apache Tomcat Native library which allows using OpenSSL was not found on the java.library.path: [/usr/java/packages/lib:/usr/lib64:/lib64:/lib:/usr/lib]
24-Jun-2025 11:08:39.127 INFO [main] org.apache.coyote.AbstractProtocol.init Initializing ProtocolHandler ["http-nio-9090"]
24-Jun-2025 11:08:39.168 INFO [main] org.apache.catalina.startup.Catalina.load Server initialization in [939] milliseconds
24-Jun-2025 11:08:39.246 INFO [main] org.apache.catalina.core.StandardService.startInternal Starting service [Catalina]
24-Jun-2025 11:08:39.246 INFO [main] org.apache.catalina.core.StandardEngine.startInternal Starting Servlet engine: [Apache Tomcat/11.0.8]
24-Jun-2025 11:08:39.270 INFO [main] org.apache.catalina.startup.HostConfig.deployDirectory Deploying web application directory [/opt/tomcat11/webapps/ROOT]
24-Jun-2025 11:08:39.825 INFO [main] org.apache.catalina.startup.HostConfig.deployDirectory Deployment of web application directory [/opt/tomcat11/webapps/ROOT] has finished in [555] ms
24-Jun-2025 11:08:39.826 INFO [main] org.apache.catalina.startup.HostConfig.deployDirectory Deploying web application directory [/opt/tomcat11/webapps/docs]
24-Jun-2025 11:08:39.882 INFO [main] org.apache.catalina.startup.HostConfig.deployDirectory Deployment of web application directory [/opt/tomcat11/webapps/docs] has finished in [56] ms
24-Jun-2025 11:08:39.884 INFO [main] org.apache.catalina.startup.HostConfig.deployDirectory Deploying web application directory [/opt/tomcat11/webapps/examples]
24-Jun-2025 11:08:40.271 INFO [main] org.apache.catalina.startup.HostConfig.deployDirectory Deployment of web application directory [/opt/tomcat11/webapps/examples] has finished in [387] ms
24-Jun-2025 11:08:40.271 INFO [main] org.apache.catalina.startup.HostConfig.deployDirectory Deploying web application directory [/opt/tomcat11/webapps/host-manager]
24-Jun-2025 11:08:40.316 INFO [main] org.apache.catalina.startup.HostConfig.deployDirectory Deployment of web application directory [/opt/tomcat11/webapps/host-manager] has finished in [45] ms
24-Jun-2025 11:08:40.316 INFO [main] org.apache.catalina.startup.HostConfig.deployDirectory Deploying web application directory [/opt/tomcat11/webapps/manager]
24-Jun-2025 11:08:40.358 INFO [main] org.apache.catalina.startup.HostConfig.deployDirectory Deployment of web application directory [/opt/tomcat11/webapps/manager] has finished in [42] ms
24-Jun-2025 11:08:40.362 INFO [main] org.apache.coyote.AbstractProtocol.start Starting ProtocolHandler ["http-nio-9090"]
24-Jun-2025 11:08:40.396 INFO [main] org.apache.catalina.startup.Catalina.start Server startup in [1227] milliseconds
24-Jun-2025 11:26:14.222 INFO [main] org.apache.catalina.core.StandardServer.await A valid shutdown command was received via the shutdown port. Stopping the Server instance.
24-Jun-2025 11:26:14.223 INFO [main] org.apache.coyote.AbstractProtocol.pause Pausing ProtocolHandler ["http-nio-9090"]
24-Jun-2025 11:26:14.229 INFO [main] org.apache.catalina.core.StandardService.stopInternal Stopping service [Catalina]
24-Jun-2025 11:26:14.263 INFO [main] org.apache.coyote.AbstractProtocol.stop Stopping ProtocolHandler ["http-nio-9090"]
24-Jun-2025 11:26:14.288 INFO [main] org.apache.coyote.AbstractProtocol.destroy Destroying ProtocolHandler ["http-nio-9090"]
24-Jun-2025 11:26:18.211 INFO [main] org.apache.catalina.startup.VersionLoggerListener.log Server version name:   Apache Tomcat/11.0.8
24-Jun-2025 11:26:18.222 INFO [main] org.apache.catalina.startup.VersionLoggerListener.log Server built:          Jun 5 2025 17:49:55 UTC
24-Jun-2025 11:26:18.223 INFO [main] org.apache.catalina.startup.VersionLoggerListener.log Server version number: 11.0.8.0
24-Jun-2025 11:26:18.223 INFO [main] org.apache.catalina.startup.VersionLoggerListener.log OS Name:               Linux
24-Jun-2025 11:26:18.230 INFO [main] org.apache.catalina.startup.VersionLoggerListener.log OS Version:            6.1.140-154.222.amzn2023.x86_64
24-Jun-2025 11:26:18.231 INFO [main] org.apache.catalina.startup.VersionLoggerListener.log Architecture:          amd64
24-Jun-2025 11:26:18.231 INFO [main] org.apache.catalina.startup.VersionLoggerListener.log Java Home:             /usr/lib/jvm/java-17-amazon-corretto.x86_64
24-Jun-2025 11:26:18.231 INFO [main] org.apache.catalina.startup.VersionLoggerListener.log JVM Version:           17.0.15+6-LTS
24-Jun-2025 11:26:18.231 INFO [main] org.apache.catalina.startup.VersionLoggerListener.log JVM Vendor:            Amazon.com Inc.
24-Jun-2025 11:26:18.231 INFO [main] org.apache.catalina.startup.VersionLoggerListener.log CATALINA_BASE:         /opt/tomcat11
24-Jun-2025 11:26:18.231 INFO [main] org.apache.catalina.startup.VersionLoggerListener.log CATALINA_HOME:         /opt/tomcat11
24-Jun-2025 11:26:18.248 INFO [main] org.apache.catalina.startup.VersionLoggerListener.log Command line argument: -Djava.util.logging.config.file=/opt/tomcat11/conf/logging.properties
24-Jun-2025 11:26:18.248 INFO [main] org.apache.catalina.startup.VersionLoggerListener.log Command line argument: -Djava.util.logging.manager=org.apache.juli.ClassLoaderLogManager
24-Jun-2025 11:26:18.248 INFO [main] org.apache.catalina.startup.VersionLoggerListener.log Command line argument: -Djdk.tls.ephemeralDHKeySize=2048
24-Jun-2025 11:26:18.248 INFO [main] org.apache.catalina.startup.VersionLoggerListener.log Command line argument: -Dorg.apache.catalina.security.SecurityListener.UMASK=0027
24-Jun-2025 11:26:18.249 INFO [main] org.apache.catalina.startup.VersionLoggerListener.log Command line argument: --add-opens=java.base/java.lang=ALL-UNNAMED
24-Jun-2025 11:26:18.250 INFO [main] org.apache.catalina.startup.VersionLoggerListener.log Command line argument: --add-opens=java.base/java.lang.reflect=ALL-UNNAMED
24-Jun-2025 11:26:18.251 INFO [main] org.apache.catalina.startup.VersionLoggerListener.log Command line argument: --add-opens=java.base/java.io=ALL-UNNAMED
24-Jun-2025 11:26:18.251 INFO [main] org.apache.catalina.startup.VersionLoggerListener.log Command line argument: --add-opens=java.base/java.util=ALL-UNNAMED
24-Jun-2025 11:26:18.251 INFO [main] org.apache.catalina.startup.VersionLoggerListener.log Command line argument: --add-opens=java.base/java.util.concurrent=ALL-UNNAMED
24-Jun-2025 11:26:18.251 INFO [main] org.apache.catalina.startup.VersionLoggerListener.log Command line argument: --add-opens=java.rmi/sun.rmi.transport=ALL-UNNAMED
24-Jun-2025 11:26:18.251 INFO [main] org.apache.catalina.startup.VersionLoggerListener.log Command line argument: --enable-native-access=ALL-UNNAMED
24-Jun-2025 11:26:18.252 INFO [main] org.apache.catalina.startup.VersionLoggerListener.log Command line argument: -Dcatalina.base=/opt/tomcat11
24-Jun-2025 11:26:18.252 INFO [main] org.apache.catalina.startup.VersionLoggerListener.log Command line argument: -Dcatalina.home=/opt/tomcat11
24-Jun-2025 11:26:18.252 INFO [main] org.apache.catalina.startup.VersionLoggerListener.log Command line argument: -Djava.io.tmpdir=/opt/tomcat11/temp
24-Jun-2025 11:26:18.253 INFO [main] org.apache.catalina.core.AprLifecycleListener.lifecycleEvent The Apache Tomcat Native library which allows using OpenSSL was not found on the java.library.path: [/usr/java/packages/lib:/usr/lib64:/lib64:/lib:/usr/lib]
24-Jun-2025 11:26:18.799 INFO [main] org.apache.coyote.AbstractProtocol.init Initializing ProtocolHandler ["http-nio-9090"]
24-Jun-2025 11:26:18.853 INFO [main] org.apache.catalina.startup.Catalina.load Server initialization in [990] milliseconds
24-Jun-2025 11:26:18.936 INFO [main] org.apache.catalina.core.StandardService.startInternal Starting service [Catalina]
24-Jun-2025 11:26:18.936 INFO [main] org.apache.catalina.core.StandardEngine.startInternal Starting Servlet engine: [Apache Tomcat/11.0.8]
24-Jun-2025 11:26:18.945 INFO [main] org.apache.catalina.startup.HostConfig.deployDirectory Deploying web application directory [/opt/tomcat11/webapps/ROOT]
24-Jun-2025 11:26:19.514 INFO [main] org.apache.catalina.startup.HostConfig.deployDirectory Deployment of web application directory [/opt/tomcat11/webapps/ROOT] has finished in [568] ms
24-Jun-2025 11:26:19.514 INFO [main] org.apache.catalina.startup.HostConfig.deployDirectory Deploying web application directory [/opt/tomcat11/webapps/docs]
24-Jun-2025 11:26:19.569 INFO [main] org.apache.catalina.startup.HostConfig.deployDirectory Deployment of web application directory [/opt/tomcat11/webapps/docs] has finished in [55] ms
24-Jun-2025 11:26:19.571 INFO [main] org.apache.catalina.startup.HostConfig.deployDirectory Deploying web application directory [/opt/tomcat11/webapps/examples]
24-Jun-2025 11:26:19.978 INFO [main] org.apache.catalina.startup.HostConfig.deployDirectory Deployment of web application directory [/opt/tomcat11/webapps/examples] has finished in [407] ms
24-Jun-2025 11:26:19.979 INFO [main] org.apache.catalina.startup.HostConfig.deployDirectory Deploying web application directory [/opt/tomcat11/webapps/host-manager]
24-Jun-2025 11:26:20.028 INFO [main] org.apache.catalina.startup.HostConfig.deployDirectory Deployment of web application directory [/opt/tomcat11/webapps/host-manager] has finished in [50] ms
24-Jun-2025 11:26:20.029 INFO [main] org.apache.catalina.startup.HostConfig.deployDirectory Deploying web application directory [/opt/tomcat11/webapps/manager]
24-Jun-2025 11:26:20.069 INFO [main] org.apache.catalina.startup.HostConfig.deployDirectory Deployment of web application directory [/opt/tomcat11/webapps/manager] has finished in [40] ms
24-Jun-2025 11:26:20.080 INFO [main] org.apache.coyote.AbstractProtocol.start Starting ProtocolHandler ["http-nio-9090"]
24-Jun-2025 11:26:20.115 INFO [main] org.apache.catalina.startup.Catalina.start Server startup in [1261] milliseconds
